<?xml version="1.0" encoding="UTF-8"?>
<!-- Generated by org.testng.reporters.JUnitReportReporter -->
<testsuite skipped="0" hostname="65641e0d5d17" name="com.searchmodule.tests.searchtests" tests="2" failures="0" timestamp="2021-07-28T13:43:52 GMT" time="20.579" errors="0">
  <testcase name="callsearch" time="6.032" classname="com.searchmodule.tests.searchtests"/>
  <system-out/>
  <testcase name="callsearch" time="14.547" classname="com.searchmodule.tests.searchtests"/>
  <system-out/>
</testsuite> <!-- com.searchmodule.tests.searchtests -->
