<?xml version="1.0" encoding="UTF-8"?>
<testng-results skipped="0" failed="0" ignored="0" total="2" passed="2">
  <reporter-output>
  </reporter-output>
  <suite name="search-suite" duration-ms="8062" started-at="2021-07-27T15:31:23 GMT" finished-at="2021-07-27T15:31:31 GMT">
    <groups>
    </groups>
    <test name="search-test-java" duration-ms="4202" started-at="2021-07-27T15:31:23 GMT" finished-at="2021-07-27T15:31:27 GMT">
      <class name="com.searchmodule.tests.searchtests">
        <test-method status="PASS" signature="setDriver()[pri:0, instance:com.searchmodule.tests.searchtests@5622fdf]" name="setDriver" is-config="true" duration-ms="859" started-at="2021-07-27T15:31:23 GMT" finished-at="2021-07-27T15:31:23 GMT">
          <reporter-output>
          </reporter-output>
        </test-method> <!-- setDriver -->
        <test-method status="PASS" signature="callsearch(java.lang.String)[pri:0, instance:com.searchmodule.tests.searchtests@5622fdf]" name="callsearch" duration-ms="3249" started-at="2021-07-27T15:31:23 GMT" finished-at="2021-07-27T15:31:27 GMT">
          <params>
            <param index="0">
              <value>
                <![CDATA[java]]>
              </value>
            </param>
          </params>
          <reporter-output>
          </reporter-output>
        </test-method> <!-- callsearch -->
        <test-method status="PASS" signature="quitdriver()[pri:0, instance:com.searchmodule.tests.searchtests@5622fdf]" name="quitdriver" is-config="true" duration-ms="65" started-at="2021-07-27T15:31:27 GMT" finished-at="2021-07-27T15:31:27 GMT">
          <reporter-output>
          </reporter-output>
        </test-method> <!-- quitdriver -->
      </class> <!-- com.searchmodule.tests.searchtests -->
    </test> <!-- search-test-java -->
    <test name="search-test-qa" duration-ms="3828" started-at="2021-07-27T15:31:27 GMT" finished-at="2021-07-27T15:31:31 GMT">
      <class name="com.searchmodule.tests.searchtests">
        <test-method status="PASS" signature="setDriver()[pri:0, instance:com.searchmodule.tests.searchtests@59494225]" name="setDriver" is-config="true" duration-ms="453" started-at="2021-07-27T15:31:27 GMT" finished-at="2021-07-27T15:31:27 GMT">
          <reporter-output>
          </reporter-output>
        </test-method> <!-- setDriver -->
        <test-method status="PASS" signature="callsearch(java.lang.String)[pri:0, instance:com.searchmodule.tests.searchtests@59494225]" name="callsearch" duration-ms="3312" started-at="2021-07-27T15:31:27 GMT" finished-at="2021-07-27T15:31:31 GMT">
          <params>
            <param index="0">
              <value>
                <![CDATA[qa]]>
              </value>
            </param>
          </params>
          <reporter-output>
          </reporter-output>
        </test-method> <!-- callsearch -->
        <test-method status="PASS" signature="quitdriver()[pri:0, instance:com.searchmodule.tests.searchtests@59494225]" name="quitdriver" is-config="true" duration-ms="61" started-at="2021-07-27T15:31:31 GMT" finished-at="2021-07-27T15:31:31 GMT">
          <reporter-output>
          </reporter-output>
        </test-method> <!-- quitdriver -->
      </class> <!-- com.searchmodule.tests.searchtests -->
    </test> <!-- search-test-qa -->
  </suite> <!-- search-suite -->
</testng-results>
