<!DOCTYPE html PUBLIC "-//W3C//DTD XHTML 1.1//EN" "https://www.w3.org/TR/xhtml11/DTD/xhtml11.dtd">
<html xmlns="https://www.w3.org/1999/xhtml">
<head>
<meta http-equiv="content-type" content="text/html; charset=UTF-8"/>
<title>TestNG Report</title>
<style type="text/css">table {margin-bottom:10px;border-collapse:collapse;empty-cells:show}th,td {border:1px solid #009;padding:.25em .5em}th {vertical-align:bottom}td {vertical-align:top}table a {font-weight:bold}.stripe td {background-color: #E6EBF9}.num {text-align:right}.passedodd td {background-color: #3F3}.passedeven td {background-color: #0A0}.skippedodd td {background-color: #DDD}.skippedeven td {background-color: #CCC}.failedodd td,.attn {background-color: #F33}.failedeven td,.stripe .attn {background-color: #D00}.stacktrace {white-space:pre;font-family:monospace}.totop {font-size:85%;text-align:center;border-bottom:2px solid #000}.invisible {display:none}</style>
</head>
<body>
<table>
<tr><th>Test</th><th># Passed</th><th># Skipped</th><th># Retried</th><th># Failed</th><th>Time (ms)</th><th>Included Groups</th><th>Excluded Groups</th></tr>
<tr><th colspan="8">book-flight-suite</th></tr>
<tr><td><a href="#t0">book-flight-test2</a></td><td class="num">4</td><td class="num">0</td><td class="num">0</td><td class="num attn">1</td><td class="num">35,328</td><td></td><td></td></tr>
<tr class="stripe"><td><a href="#t1">book-flight-test4</a></td><td class="num">2</td><td class="num attn">2</td><td class="num">0</td><td class="num attn">1</td><td class="num">42,606</td><td></td><td></td></tr>
<tr><td><a href="#t2">book-flight-test3</a></td><td class="num">4</td><td class="num">0</td><td class="num">0</td><td class="num attn">1</td><td class="num">50,054</td><td></td><td></td></tr>
<tr class="stripe"><td><a href="#t3">book-flight-test1</a></td><td class="num">5</td><td class="num">0</td><td class="num">0</td><td class="num">0</td><td class="num">54,139</td><td></td><td></td></tr>
<tr><th>Total</th><th class="num">15</th><th class="num attn">2</th><th class="num">0</th><th class="num attn">3</th><th class="num">182,127</th><th colspan="2"></th></tr>
</table>
<table id='summary'><thead><tr><th>Class</th><th>Method</th><th>Start</th><th>Time (ms)</th></tr></thead><tbody><tr><th colspan="4">book-flight-suite</th></tr></tbody><tbody id="t0"><tr><th colspan="4">book-flight-test2 &#8212; failed</th></tr><tr class="failedeven"><td rowspan="1">com.flightbook.test.BookFlight</td><td><a href="#m0">FlightConfirmPageTest</a></td><td rowspan="1">1627479832216</td><td rowspan="1">835</td></tr><tr><th colspan="4">book-flight-test2 &#8212; passed</th></tr><tr class="passedeven"><td rowspan="4">com.flightbook.test.BookFlight</td><td><a href="#m1">FlightDetailsPageTest</a></td><td rowspan="1">1627479827541</td><td rowspan="1">2170</td></tr><tr class="passedeven"><td><a href="#m2">RegistrationConfirmPageTest</a></td><td rowspan="1">1627479827165</td><td rowspan="1">375</td></tr><tr class="passedeven"><td><a href="#m3">RegistrationPageTest</a></td><td rowspan="1">1627479817200</td><td rowspan="1">9959</td></tr><tr class="passedeven"><td><a href="#m4">selectflightPageTest</a></td><td rowspan="1">1627479829713</td><td rowspan="1">2502</td></tr></tbody>
<tbody id="t1"><tr><th colspan="4">book-flight-test4 &#8212; failed</th></tr><tr class="failedeven"><td rowspan="1">com.flightbook.test.BookFlight</td><td><a href="#m5">FlightDetailsPageTest</a></td><td rowspan="1">1627479841022</td><td rowspan="1">1239</td></tr><tr><th colspan="4">book-flight-test4 &#8212; skipped</th></tr><tr class="skippedeven"><td rowspan="2">com.flightbook.test.BookFlight</td><td><a href="#m6">FlightConfirmPageTest</a></td><td rowspan="1">1627479842262</td><td rowspan="1">0</td></tr><tr class="skippedeven"><td><a href="#m7">selectflightPageTest</a></td><td rowspan="1">1627479842262</td><td rowspan="1">0</td></tr><tr><th colspan="4">book-flight-test4 &#8212; passed</th></tr><tr class="passedeven"><td rowspan="2">com.flightbook.test.BookFlight</td><td><a href="#m8">RegistrationConfirmPageTest</a></td><td rowspan="1">1627479840700</td><td rowspan="1">322</td></tr><tr class="passedeven"><td><a href="#m9">RegistrationPageTest</a></td><td rowspan="1">1627479828698</td><td rowspan="1">12002</td></tr></tbody>
<tbody id="t2"><tr><th colspan="4">book-flight-test3 &#8212; failed</th></tr><tr class="failedeven"><td rowspan="1">com.flightbook.test.BookFlight</td><td><a href="#m10">FlightConfirmPageTest</a></td><td rowspan="1">1627479849689</td><td rowspan="1">358</td></tr><tr><th colspan="4">book-flight-test3 &#8212; passed</th></tr><tr class="passedeven"><td rowspan="4">com.flightbook.test.BookFlight</td><td><a href="#m11">FlightDetailsPageTest</a></td><td rowspan="1">1627479847367</td><td rowspan="1">1734</td></tr><tr class="passedeven"><td><a href="#m12">RegistrationConfirmPageTest</a></td><td rowspan="1">1627479847063</td><td rowspan="1">304</td></tr><tr class="passedeven"><td><a href="#m13">RegistrationPageTest</a></td><td rowspan="1">1627479839319</td><td rowspan="1">7744</td></tr><tr class="passedeven"><td><a href="#m14">selectflightPageTest</a></td><td rowspan="1">1627479849102</td><td rowspan="1">587</td></tr></tbody>
<tbody id="t3"><tr><th colspan="4">book-flight-test1 &#8212; passed</th></tr><tr class="passedeven"><td rowspan="5">com.flightbook.test.BookFlight</td><td><a href="#m15">FlightConfirmPageTest</a></td><td rowspan="1">1627479853624</td><td rowspan="1">369</td></tr><tr class="passedeven"><td><a href="#m16">FlightDetailsPageTest</a></td><td rowspan="1">1627479851184</td><td rowspan="1">1831</td></tr><tr class="passedeven"><td><a href="#m17">RegistrationConfirmPageTest</a></td><td rowspan="1">1627479850871</td><td rowspan="1">313</td></tr><tr class="passedeven"><td><a href="#m18">RegistrationPageTest</a></td><td rowspan="1">1627479845616</td><td rowspan="1">5254</td></tr><tr class="passedeven"><td><a href="#m19">selectflightPageTest</a></td><td rowspan="1">1627479853016</td><td rowspan="1">608</td></tr></tbody>
</table>
<h2>book-flight-test2</h2><h3 id="m0">com.flightbook.test.BookFlight#FlightConfirmPageTest</h3><table class="result"><tr><th>Exception</th></tr><tr><td><div class="stacktrace">java.lang.AssertionError: expected [$1150 USD] but found [$1753 USD]
	at com.flightbook.test.BookFlight.FlightConfirmPageTest(BookFlight.java:56)
	at java.util.ArrayList.forEach(ArrayList.java:1257)
	at java.util.concurrent.FutureTask.run(FutureTask.java:266)
	at java.util.concurrent.ThreadPoolExecutor.runWorker(ThreadPoolExecutor.java:1149)
	at java.util.concurrent.ThreadPoolExecutor$Worker.run(ThreadPoolExecutor.java:624)
	at java.lang.Thread.run(Thread.java:748)
... Removed 24 stack frames</div></td></tr></table><p class="totop"><a href="#summary">back to summary</a></p>
<h3 id="m1">com.flightbook.test.BookFlight#FlightDetailsPageTest</h3><table class="result"><tr><th class="invisible"/></tr></table><p class="totop"><a href="#summary">back to summary</a></p>
<h3 id="m2">com.flightbook.test.BookFlight#RegistrationConfirmPageTest</h3><table class="result"><tr><th class="invisible"/></tr></table><p class="totop"><a href="#summary">back to summary</a></p>
<h3 id="m3">com.flightbook.test.BookFlight#RegistrationPageTest</h3><table class="result"><tr><th class="invisible"/></tr></table><p class="totop"><a href="#summary">back to summary</a></p>
<h3 id="m4">com.flightbook.test.BookFlight#selectflightPageTest</h3><table class="result"><tr><th class="invisible"/></tr></table><p class="totop"><a href="#summary">back to summary</a></p>
<h2>book-flight-test4</h2><h3 id="m5">com.flightbook.test.BookFlight#FlightDetailsPageTest</h3><table class="result"><tr><th>Exception</th></tr><tr><td><div class="stacktrace">org.openqa.selenium.NoSuchElementException: Cannot locate option with value: 5
For documentation on this error, please visit: https://www.seleniumhq.org/exceptions/no_such_element.html
Build info: version: &apos;3.141.59&apos;, revision: &apos;e82be7d358&apos;, time: &apos;2018-11-14T08:17:03&apos;
System info: host: &apos;d924182bdcf3&apos;, ip: &apos;172.19.0.8&apos;, os.name: &apos;Linux&apos;, os.arch: &apos;amd64&apos;, os.version: &apos;5.4.72-microsoft-standard-WSL2&apos;, java.version: &apos;1.8.0_191&apos;
Driver info: driver.version: unknown
	at org.openqa.selenium.support.ui.Select.findOptionsByValue(Select.java:283)
	at org.openqa.selenium.support.ui.Select.selectByValue(Select.java:186)
	at com.flighbook.tours.FlightDetailsPage.enterpasscnt(FlightDetailsPage.java:31)
	at com.flightbook.test.BookFlight.FlightDetailsPageTest(BookFlight.java:41)
	at java.util.ArrayList.forEach(ArrayList.java:1257)
	at java.util.concurrent.FutureTask.run(FutureTask.java:266)
	at java.util.concurrent.ThreadPoolExecutor.runWorker(ThreadPoolExecutor.java:1149)
	at java.util.concurrent.ThreadPoolExecutor$Worker.run(ThreadPoolExecutor.java:624)
	at java.lang.Thread.run(Thread.java:748)
... Removed 18 stack frames</div></td></tr></table><p class="totop"><a href="#summary">back to summary</a></p>
<h3 id="m6">com.flightbook.test.BookFlight#FlightConfirmPageTest</h3><table class="result"><tr><th>Exception</th></tr><tr><td><div class="stacktrace">java.lang.Throwable: Method BookFlight.FlightConfirmPageTest()[pri:0, instance:com.flightbook.test.BookFlight@2038ae61] depends on not successfully finished methods
	at java.util.ArrayList.forEach(ArrayList.java:1257)
	at java.util.concurrent.FutureTask.run(FutureTask.java:266)
	at java.util.concurrent.ThreadPoolExecutor.runWorker(ThreadPoolExecutor.java:1149)
	at java.util.concurrent.ThreadPoolExecutor$Worker.run(ThreadPoolExecutor.java:624)
	at java.lang.Thread.run(Thread.java:748)
... Removed 9 stack frames</div></td></tr></table><p class="totop"><a href="#summary">back to summary</a></p>
<h3 id="m7">com.flightbook.test.BookFlight#selectflightPageTest</h3><table class="result"><tr><th>Exception</th></tr><tr><td><div class="stacktrace">java.lang.Throwable: Method BookFlight.selectflightPageTest()[pri:0, instance:com.flightbook.test.BookFlight@2038ae61] depends on not successfully finished methods
	at java.util.ArrayList.forEach(ArrayList.java:1257)
	at java.util.concurrent.FutureTask.run(FutureTask.java:266)
	at java.util.concurrent.ThreadPoolExecutor.runWorker(ThreadPoolExecutor.java:1149)
	at java.util.concurrent.ThreadPoolExecutor$Worker.run(ThreadPoolExecutor.java:624)
	at java.lang.Thread.run(Thread.java:748)
... Removed 9 stack frames</div></td></tr></table><p class="totop"><a href="#summary">back to summary</a></p>
<h3 id="m8">com.flightbook.test.BookFlight#RegistrationConfirmPageTest</h3><table class="result"><tr><th class="invisible"/></tr></table><p class="totop"><a href="#summary">back to summary</a></p>
<h3 id="m9">com.flightbook.test.BookFlight#RegistrationPageTest</h3><table class="result"><tr><th class="invisible"/></tr></table><p class="totop"><a href="#summary">back to summary</a></p>
<h2>book-flight-test3</h2><h3 id="m10">com.flightbook.test.BookFlight#FlightConfirmPageTest</h3><table class="result"><tr><th>Exception</th></tr><tr><td><div class="stacktrace">java.lang.AssertionError: expected [$2240 USD] but found [$2338 USD]
	at com.flightbook.test.BookFlight.FlightConfirmPageTest(BookFlight.java:56)
	at java.util.ArrayList.forEach(ArrayList.java:1257)
	at java.util.concurrent.FutureTask.run(FutureTask.java:266)
	at java.util.concurrent.ThreadPoolExecutor.runWorker(ThreadPoolExecutor.java:1149)
	at java.util.concurrent.ThreadPoolExecutor$Worker.run(ThreadPoolExecutor.java:624)
	at java.lang.Thread.run(Thread.java:748)
... Removed 24 stack frames</div></td></tr></table><p class="totop"><a href="#summary">back to summary</a></p>
<h3 id="m11">com.flightbook.test.BookFlight#FlightDetailsPageTest</h3><table class="result"><tr><th class="invisible"/></tr></table><p class="totop"><a href="#summary">back to summary</a></p>
<h3 id="m12">com.flightbook.test.BookFlight#RegistrationConfirmPageTest</h3><table class="result"><tr><th class="invisible"/></tr></table><p class="totop"><a href="#summary">back to summary</a></p>
<h3 id="m13">com.flightbook.test.BookFlight#RegistrationPageTest</h3><table class="result"><tr><th class="invisible"/></tr></table><p class="totop"><a href="#summary">back to summary</a></p>
<h3 id="m14">com.flightbook.test.BookFlight#selectflightPageTest</h3><table class="result"><tr><th class="invisible"/></tr></table><p class="totop"><a href="#summary">back to summary</a></p>
<h2>book-flight-test1</h2><h3 id="m15">com.flightbook.test.BookFlight#FlightConfirmPageTest</h3><table class="result"><tr><th class="invisible"/></tr></table><p class="totop"><a href="#summary">back to summary</a></p>
<h3 id="m16">com.flightbook.test.BookFlight#FlightDetailsPageTest</h3><table class="result"><tr><th class="invisible"/></tr></table><p class="totop"><a href="#summary">back to summary</a></p>
<h3 id="m17">com.flightbook.test.BookFlight#RegistrationConfirmPageTest</h3><table class="result"><tr><th class="invisible"/></tr></table><p class="totop"><a href="#summary">back to summary</a></p>
<h3 id="m18">com.flightbook.test.BookFlight#RegistrationPageTest</h3><table class="result"><tr><th class="invisible"/></tr></table><p class="totop"><a href="#summary">back to summary</a></p>
<h3 id="m19">com.flightbook.test.BookFlight#selectflightPageTest</h3><table class="result"><tr><th class="invisible"/></tr></table><p class="totop"><a href="#summary">back to summary</a></p>
</body>
</html>
