<?xml version="1.0" encoding="UTF-8"?>
<testng-results skipped="2" failed="3" ignored="0" total="20" passed="15">
  <reporter-output>
  </reporter-output>
  <suite name="book-flight-suite" duration-ms="54139" started-at="2021-07-28T13:43:20 GMT" finished-at="2021-07-28T13:44:14 GMT">
    <groups>
    </groups>
    <test name="book-flight-test2" duration-ms="35328" started-at="2021-07-28T13:43:20 GMT" finished-at="2021-07-28T13:43:55 GMT">
      <class name="com.flightbook.test.BookFlight">
        <test-method status="PASS" signature="setDriver()[pri:0, instance:com.flightbook.test.BookFlight@4bec1f0c]" name="setDriver" is-config="true" duration-ms="14711" started-at="2021-07-28T13:43:20 GMT" finished-at="2021-07-28T13:43:35 GMT">
          <reporter-output>
          </reporter-output>
        </test-method> <!-- setDriver -->
        <test-method status="PASS" signature="setupParameters(java.lang.String,java.lang.String)[pri:0, instance:com.flightbook.test.BookFlight@4bec1f0c]" name="setupParameters" is-config="true" duration-ms="1840" started-at="2021-07-28T13:43:35 GMT" depends-on-methods="com.tests.BaseTest.setDriver" finished-at="2021-07-28T13:43:37 GMT">
          <params>
            <param index="0">
              <value>
                <![CDATA[3]]>
              </value>
            </param>
            <param index="1">
              <value>
                <![CDATA[$1150 USD]]>
              </value>
            </param>
          </params>
          <reporter-output>
          </reporter-output>
        </test-method> <!-- setupParameters -->
        <test-method status="PASS" signature="RegistrationPageTest()[pri:0, instance:com.flightbook.test.BookFlight@4bec1f0c]" name="RegistrationPageTest" duration-ms="9959" started-at="2021-07-28T13:43:37 GMT" finished-at="2021-07-28T13:43:47 GMT">
          <reporter-output>
          </reporter-output>
        </test-method> <!-- RegistrationPageTest -->
        <test-method status="PASS" signature="RegistrationConfirmPageTest()[pri:0, instance:com.flightbook.test.BookFlight@4bec1f0c]" name="RegistrationConfirmPageTest" duration-ms="375" started-at="2021-07-28T13:43:47 GMT" depends-on-methods="com.flightbook.test.BookFlight.RegistrationPageTest" finished-at="2021-07-28T13:43:47 GMT">
          <reporter-output>
          </reporter-output>
        </test-method> <!-- RegistrationConfirmPageTest -->
        <test-method status="PASS" signature="FlightDetailsPageTest()[pri:0, instance:com.flightbook.test.BookFlight@4bec1f0c]" name="FlightDetailsPageTest" duration-ms="2170" started-at="2021-07-28T13:43:47 GMT" depends-on-methods="com.flightbook.test.BookFlight.RegistrationConfirmPageTest" finished-at="2021-07-28T13:43:49 GMT">
          <reporter-output>
          </reporter-output>
        </test-method> <!-- FlightDetailsPageTest -->
        <test-method status="PASS" signature="selectflightPageTest()[pri:0, instance:com.flightbook.test.BookFlight@4bec1f0c]" name="selectflightPageTest" duration-ms="2502" started-at="2021-07-28T13:43:49 GMT" depends-on-methods="com.flightbook.test.BookFlight.FlightDetailsPageTest" finished-at="2021-07-28T13:43:52 GMT">
          <reporter-output>
          </reporter-output>
        </test-method> <!-- selectflightPageTest -->
        <test-method status="FAIL" signature="FlightConfirmPageTest()[pri:0, instance:com.flightbook.test.BookFlight@4bec1f0c]" name="FlightConfirmPageTest" duration-ms="835" started-at="2021-07-28T13:43:52 GMT" depends-on-methods="com.flightbook.test.BookFlight.selectflightPageTest" finished-at="2021-07-28T13:43:53 GMT">
          <exception class="java.lang.AssertionError">
            <message>
              <![CDATA[expected [$1150 USD] but found [$1753 USD]]]>
            </message>
            <full-stacktrace>
              <![CDATA[java.lang.AssertionError: expected [$1150 USD] but found [$1753 USD]
at org.testng.Assert.fail(Assert.java:99)
at org.testng.Assert.failNotEquals(Assert.java:1037)
at org.testng.Assert.assertEqualsImpl(Assert.java:140)
at org.testng.Assert.assertEquals(Assert.java:122)
at org.testng.Assert.assertEquals(Assert.java:629)
at org.testng.Assert.assertEquals(Assert.java:639)
at com.flightbook.test.BookFlight.FlightConfirmPageTest(BookFlight.java:56)
at sun.reflect.NativeMethodAccessorImpl.invoke0(Native Method)
at sun.reflect.NativeMethodAccessorImpl.invoke(NativeMethodAccessorImpl.java:62)
at sun.reflect.DelegatingMethodAccessorImpl.invoke(DelegatingMethodAccessorImpl.java:43)
at java.lang.reflect.Method.invoke(Method.java:498)
at org.testng.internal.MethodInvocationHelper.invokeMethod(MethodInvocationHelper.java:133)
at org.testng.internal.TestInvoker.invokeMethod(TestInvoker.java:598)
at org.testng.internal.TestInvoker.invokeTestMethod(TestInvoker.java:173)
at org.testng.internal.MethodRunner.runInSequence(MethodRunner.java:46)
at org.testng.internal.TestInvoker$MethodInvocationAgent.invoke(TestInvoker.java:824)
at org.testng.internal.TestInvoker.invokeTestMethods(TestInvoker.java:146)
at org.testng.internal.TestMethodWorker.invokeTestMethods(TestMethodWorker.java:146)
at org.testng.internal.TestMethodWorker.run(TestMethodWorker.java:128)
at java.util.ArrayList.forEach(ArrayList.java:1257)
at org.testng.TestRunner.privateRun(TestRunner.java:794)
at org.testng.TestRunner.run(TestRunner.java:596)
at org.testng.SuiteRunner.runTest(SuiteRunner.java:377)
at org.testng.SuiteRunner.access$000(SuiteRunner.java:28)
at org.testng.SuiteRunner$SuiteWorker.run(SuiteRunner.java:418)
at org.testng.internal.thread.ThreadUtil.lambda$execute$0(ThreadUtil.java:64)
at java.util.concurrent.FutureTask.run(FutureTask.java:266)
at java.util.concurrent.ThreadPoolExecutor.runWorker(ThreadPoolExecutor.java:1149)
at java.util.concurrent.ThreadPoolExecutor$Worker.run(ThreadPoolExecutor.java:624)
at java.lang.Thread.run(Thread.java:748)
]]>
            </full-stacktrace>
          </exception> <!-- java.lang.AssertionError -->
          <reporter-output>
          </reporter-output>
        </test-method> <!-- FlightConfirmPageTest -->
        <test-method status="PASS" signature="quitbrowser()[pri:0, instance:com.flightbook.test.BookFlight@4bec1f0c]" name="quitbrowser" is-config="true" duration-ms="2848" started-at="2021-07-28T13:43:53 GMT" finished-at="2021-07-28T13:43:55 GMT">
          <reporter-output>
          </reporter-output>
        </test-method> <!-- quitbrowser -->
        <test-method status="PASS" signature="quitdriver()[pri:0, instance:com.flightbook.test.BookFlight@4bec1f0c]" name="quitdriver" is-config="true" duration-ms="0" started-at="2021-07-28T13:43:55 GMT" depends-on-methods="com.flightbook.test.BookFlight.quitbrowser" finished-at="2021-07-28T13:43:55 GMT">
          <reporter-output>
          </reporter-output>
        </test-method> <!-- quitdriver -->
      </class> <!-- com.flightbook.test.BookFlight -->
    </test> <!-- book-flight-test2 -->
    <test name="book-flight-test4" duration-ms="42606" started-at="2021-07-28T13:43:20 GMT" finished-at="2021-07-28T13:44:03 GMT">
      <class name="com.flightbook.test.BookFlight">
        <test-method status="PASS" signature="setDriver()[pri:0, instance:com.flightbook.test.BookFlight@2038ae61]" name="setDriver" is-config="true" duration-ms="28105" started-at="2021-07-28T13:43:20 GMT" finished-at="2021-07-28T13:43:48 GMT">
          <reporter-output>
          </reporter-output>
        </test-method> <!-- setDriver -->
        <test-method status="PASS" signature="setupParameters(java.lang.String,java.lang.String)[pri:0, instance:com.flightbook.test.BookFlight@2038ae61]" name="setupParameters" is-config="true" duration-ms="1" started-at="2021-07-28T13:43:48 GMT" depends-on-methods="com.tests.BaseTest.setDriver" finished-at="2021-07-28T13:43:48 GMT">
          <params>
            <param index="0">
              <value>
                <![CDATA[5]]>
              </value>
            </param>
            <param index="1">
              <value>
                <![CDATA[$4500 USD]]>
              </value>
            </param>
          </params>
          <reporter-output>
          </reporter-output>
        </test-method> <!-- setupParameters -->
        <test-method status="PASS" signature="RegistrationPageTest()[pri:0, instance:com.flightbook.test.BookFlight@2038ae61]" name="RegistrationPageTest" duration-ms="12002" started-at="2021-07-28T13:43:48 GMT" finished-at="2021-07-28T13:44:00 GMT">
          <reporter-output>
          </reporter-output>
        </test-method> <!-- RegistrationPageTest -->
        <test-method status="PASS" signature="RegistrationConfirmPageTest()[pri:0, instance:com.flightbook.test.BookFlight@2038ae61]" name="RegistrationConfirmPageTest" duration-ms="322" started-at="2021-07-28T13:44:00 GMT" depends-on-methods="com.flightbook.test.BookFlight.RegistrationPageTest" finished-at="2021-07-28T13:44:01 GMT">
          <reporter-output>
          </reporter-output>
        </test-method> <!-- RegistrationConfirmPageTest -->
        <test-method status="FAIL" signature="FlightDetailsPageTest()[pri:0, instance:com.flightbook.test.BookFlight@2038ae61]" name="FlightDetailsPageTest" duration-ms="1239" started-at="2021-07-28T13:44:01 GMT" depends-on-methods="com.flightbook.test.BookFlight.RegistrationConfirmPageTest" finished-at="2021-07-28T13:44:02 GMT">
          <exception class="org.openqa.selenium.NoSuchElementException">
            <message>
              <![CDATA[Cannot locate option with value: 5
For documentation on this error, please visit: https://www.seleniumhq.org/exceptions/no_such_element.html
Build info: version: '3.141.59', revision: 'e82be7d358', time: '2018-11-14T08:17:03'
System info: host: 'd924182bdcf3', ip: '172.19.0.8', os.name: 'Linux', os.arch: 'amd64', os.version: '5.4.72-microsoft-standard-WSL2', java.version: '1.8.0_191'
Driver info: driver.version: unknown]]>
            </message>
            <full-stacktrace>
              <![CDATA[org.openqa.selenium.NoSuchElementException: Cannot locate option with value: 5
For documentation on this error, please visit: https://www.seleniumhq.org/exceptions/no_such_element.html
Build info: version: '3.141.59', revision: 'e82be7d358', time: '2018-11-14T08:17:03'
System info: host: 'd924182bdcf3', ip: '172.19.0.8', os.name: 'Linux', os.arch: 'amd64', os.version: '5.4.72-microsoft-standard-WSL2', java.version: '1.8.0_191'
Driver info: driver.version: unknown
at org.openqa.selenium.support.ui.Select.findOptionsByValue(Select.java:283)
at org.openqa.selenium.support.ui.Select.selectByValue(Select.java:186)
at com.flighbook.tours.FlightDetailsPage.enterpasscnt(FlightDetailsPage.java:31)
at com.flightbook.test.BookFlight.FlightDetailsPageTest(BookFlight.java:41)
at sun.reflect.NativeMethodAccessorImpl.invoke0(Native Method)
at sun.reflect.NativeMethodAccessorImpl.invoke(NativeMethodAccessorImpl.java:62)
at sun.reflect.DelegatingMethodAccessorImpl.invoke(DelegatingMethodAccessorImpl.java:43)
at java.lang.reflect.Method.invoke(Method.java:498)
at org.testng.internal.MethodInvocationHelper.invokeMethod(MethodInvocationHelper.java:133)
at org.testng.internal.TestInvoker.invokeMethod(TestInvoker.java:598)
at org.testng.internal.TestInvoker.invokeTestMethod(TestInvoker.java:173)
at org.testng.internal.MethodRunner.runInSequence(MethodRunner.java:46)
at org.testng.internal.TestInvoker$MethodInvocationAgent.invoke(TestInvoker.java:824)
at org.testng.internal.TestInvoker.invokeTestMethods(TestInvoker.java:146)
at org.testng.internal.TestMethodWorker.invokeTestMethods(TestMethodWorker.java:146)
at org.testng.internal.TestMethodWorker.run(TestMethodWorker.java:128)
at java.util.ArrayList.forEach(ArrayList.java:1257)
at org.testng.TestRunner.privateRun(TestRunner.java:794)
at org.testng.TestRunner.run(TestRunner.java:596)
at org.testng.SuiteRunner.runTest(SuiteRunner.java:377)
at org.testng.SuiteRunner.access$000(SuiteRunner.java:28)
at org.testng.SuiteRunner$SuiteWorker.run(SuiteRunner.java:418)
at org.testng.internal.thread.ThreadUtil.lambda$execute$0(ThreadUtil.java:64)
at java.util.concurrent.FutureTask.run(FutureTask.java:266)
at java.util.concurrent.ThreadPoolExecutor.runWorker(ThreadPoolExecutor.java:1149)
at java.util.concurrent.ThreadPoolExecutor$Worker.run(ThreadPoolExecutor.java:624)
at java.lang.Thread.run(Thread.java:748)
]]>
            </full-stacktrace>
          </exception> <!-- org.openqa.selenium.NoSuchElementException -->
          <reporter-output>
          </reporter-output>
        </test-method> <!-- FlightDetailsPageTest -->
        <test-method status="PASS" signature="quitbrowser()[pri:0, instance:com.flightbook.test.BookFlight@2038ae61]" name="quitbrowser" is-config="true" duration-ms="932" started-at="2021-07-28T13:44:02 GMT" finished-at="2021-07-28T13:44:03 GMT">
          <reporter-output>
          </reporter-output>
        </test-method> <!-- quitbrowser -->
        <test-method status="SKIP" signature="FlightConfirmPageTest()[pri:0, instance:com.flightbook.test.BookFlight@2038ae61]" name="FlightConfirmPageTest" duration-ms="0" started-at="2021-07-28T13:44:02 GMT" depends-on-methods="com.flightbook.test.BookFlight.selectflightPageTest" finished-at="2021-07-28T13:44:02 GMT">
          <exception class="java.lang.Throwable">
            <message>
              <![CDATA[Method BookFlight.FlightConfirmPageTest()[pri:0, instance:com.flightbook.test.BookFlight@2038ae61] depends on not successfully finished methods]]>
            </message>
            <full-stacktrace>
              <![CDATA[java.lang.Throwable: Method BookFlight.FlightConfirmPageTest()[pri:0, instance:com.flightbook.test.BookFlight@2038ae61] depends on not successfully finished methods
at org.testng.internal.TestInvoker.invokeTestMethods(TestInvoker.java:102)
at org.testng.internal.TestMethodWorker.invokeTestMethods(TestMethodWorker.java:146)
at org.testng.internal.TestMethodWorker.run(TestMethodWorker.java:128)
at java.util.ArrayList.forEach(ArrayList.java:1257)
at org.testng.TestRunner.privateRun(TestRunner.java:794)
at org.testng.TestRunner.run(TestRunner.java:596)
at org.testng.SuiteRunner.runTest(SuiteRunner.java:377)
at org.testng.SuiteRunner.access$000(SuiteRunner.java:28)
at org.testng.SuiteRunner$SuiteWorker.run(SuiteRunner.java:418)
at org.testng.internal.thread.ThreadUtil.lambda$execute$0(ThreadUtil.java:64)
at java.util.concurrent.FutureTask.run(FutureTask.java:266)
at java.util.concurrent.ThreadPoolExecutor.runWorker(ThreadPoolExecutor.java:1149)
at java.util.concurrent.ThreadPoolExecutor$Worker.run(ThreadPoolExecutor.java:624)
at java.lang.Thread.run(Thread.java:748)
]]>
            </full-stacktrace>
          </exception> <!-- java.lang.Throwable -->
          <reporter-output>
          </reporter-output>
        </test-method> <!-- FlightConfirmPageTest -->
        <test-method status="SKIP" signature="selectflightPageTest()[pri:0, instance:com.flightbook.test.BookFlight@2038ae61]" name="selectflightPageTest" duration-ms="0" started-at="2021-07-28T13:44:02 GMT" depends-on-methods="com.flightbook.test.BookFlight.FlightDetailsPageTest" finished-at="2021-07-28T13:44:02 GMT">
          <exception class="java.lang.Throwable">
            <message>
              <![CDATA[Method BookFlight.selectflightPageTest()[pri:0, instance:com.flightbook.test.BookFlight@2038ae61] depends on not successfully finished methods]]>
            </message>
            <full-stacktrace>
              <![CDATA[java.lang.Throwable: Method BookFlight.selectflightPageTest()[pri:0, instance:com.flightbook.test.BookFlight@2038ae61] depends on not successfully finished methods
at org.testng.internal.TestInvoker.invokeTestMethods(TestInvoker.java:102)
at org.testng.internal.TestMethodWorker.invokeTestMethods(TestMethodWorker.java:146)
at org.testng.internal.TestMethodWorker.run(TestMethodWorker.java:128)
at java.util.ArrayList.forEach(ArrayList.java:1257)
at org.testng.TestRunner.privateRun(TestRunner.java:794)
at org.testng.TestRunner.run(TestRunner.java:596)
at org.testng.SuiteRunner.runTest(SuiteRunner.java:377)
at org.testng.SuiteRunner.access$000(SuiteRunner.java:28)
at org.testng.SuiteRunner$SuiteWorker.run(SuiteRunner.java:418)
at org.testng.internal.thread.ThreadUtil.lambda$execute$0(ThreadUtil.java:64)
at java.util.concurrent.FutureTask.run(FutureTask.java:266)
at java.util.concurrent.ThreadPoolExecutor.runWorker(ThreadPoolExecutor.java:1149)
at java.util.concurrent.ThreadPoolExecutor$Worker.run(ThreadPoolExecutor.java:624)
at java.lang.Thread.run(Thread.java:748)
]]>
            </full-stacktrace>
          </exception> <!-- java.lang.Throwable -->
          <reporter-output>
          </reporter-output>
        </test-method> <!-- selectflightPageTest -->
        <test-method status="PASS" signature="quitdriver()[pri:0, instance:com.flightbook.test.BookFlight@2038ae61]" name="quitdriver" is-config="true" duration-ms="0" started-at="2021-07-28T13:44:03 GMT" depends-on-methods="com.flightbook.test.BookFlight.quitbrowser" finished-at="2021-07-28T13:44:03 GMT">
          <reporter-output>
          </reporter-output>
        </test-method> <!-- quitdriver -->
      </class> <!-- com.flightbook.test.BookFlight -->
    </test> <!-- book-flight-test4 -->
    <test name="book-flight-test3" duration-ms="50054" started-at="2021-07-28T13:43:20 GMT" finished-at="2021-07-28T13:44:10 GMT">
      <class name="com.flightbook.test.BookFlight">
        <test-method status="PASS" signature="setDriver()[pri:0, instance:com.flightbook.test.BookFlight@64bf3bbf]" name="setDriver" is-config="true" duration-ms="38728" started-at="2021-07-28T13:43:20 GMT" finished-at="2021-07-28T13:43:59 GMT">
          <reporter-output>
          </reporter-output>
        </test-method> <!-- setDriver -->
        <test-method status="PASS" signature="setupParameters(java.lang.String,java.lang.String)[pri:0, instance:com.flightbook.test.BookFlight@64bf3bbf]" name="setupParameters" is-config="true" duration-ms="1" started-at="2021-07-28T13:43:59 GMT" depends-on-methods="com.tests.BaseTest.setDriver" finished-at="2021-07-28T13:43:59 GMT">
          <params>
            <param index="0">
              <value>
                <![CDATA[4]]>
              </value>
            </param>
            <param index="1">
              <value>
                <![CDATA[$2240 USD]]>
              </value>
            </param>
          </params>
          <reporter-output>
          </reporter-output>
        </test-method> <!-- setupParameters -->
        <test-method status="PASS" signature="RegistrationPageTest()[pri:0, instance:com.flightbook.test.BookFlight@64bf3bbf]" name="RegistrationPageTest" duration-ms="7744" started-at="2021-07-28T13:43:59 GMT" finished-at="2021-07-28T13:44:07 GMT">
          <reporter-output>
          </reporter-output>
        </test-method> <!-- RegistrationPageTest -->
        <test-method status="PASS" signature="RegistrationConfirmPageTest()[pri:0, instance:com.flightbook.test.BookFlight@64bf3bbf]" name="RegistrationConfirmPageTest" duration-ms="304" started-at="2021-07-28T13:44:07 GMT" depends-on-methods="com.flightbook.test.BookFlight.RegistrationPageTest" finished-at="2021-07-28T13:44:07 GMT">
          <reporter-output>
          </reporter-output>
        </test-method> <!-- RegistrationConfirmPageTest -->
        <test-method status="PASS" signature="FlightDetailsPageTest()[pri:0, instance:com.flightbook.test.BookFlight@64bf3bbf]" name="FlightDetailsPageTest" duration-ms="1734" started-at="2021-07-28T13:44:07 GMT" depends-on-methods="com.flightbook.test.BookFlight.RegistrationConfirmPageTest" finished-at="2021-07-28T13:44:09 GMT">
          <reporter-output>
          </reporter-output>
        </test-method> <!-- FlightDetailsPageTest -->
        <test-method status="PASS" signature="selectflightPageTest()[pri:0, instance:com.flightbook.test.BookFlight@64bf3bbf]" name="selectflightPageTest" duration-ms="587" started-at="2021-07-28T13:44:09 GMT" depends-on-methods="com.flightbook.test.BookFlight.FlightDetailsPageTest" finished-at="2021-07-28T13:44:09 GMT">
          <reporter-output>
          </reporter-output>
        </test-method> <!-- selectflightPageTest -->
        <test-method status="FAIL" signature="FlightConfirmPageTest()[pri:0, instance:com.flightbook.test.BookFlight@64bf3bbf]" name="FlightConfirmPageTest" duration-ms="358" started-at="2021-07-28T13:44:09 GMT" depends-on-methods="com.flightbook.test.BookFlight.selectflightPageTest" finished-at="2021-07-28T13:44:10 GMT">
          <exception class="java.lang.AssertionError">
            <message>
              <![CDATA[expected [$2240 USD] but found [$2338 USD]]]>
            </message>
            <full-stacktrace>
              <![CDATA[java.lang.AssertionError: expected [$2240 USD] but found [$2338 USD]
at org.testng.Assert.fail(Assert.java:99)
at org.testng.Assert.failNotEquals(Assert.java:1037)
at org.testng.Assert.assertEqualsImpl(Assert.java:140)
at org.testng.Assert.assertEquals(Assert.java:122)
at org.testng.Assert.assertEquals(Assert.java:629)
at org.testng.Assert.assertEquals(Assert.java:639)
at com.flightbook.test.BookFlight.FlightConfirmPageTest(BookFlight.java:56)
at sun.reflect.NativeMethodAccessorImpl.invoke0(Native Method)
at sun.reflect.NativeMethodAccessorImpl.invoke(NativeMethodAccessorImpl.java:62)
at sun.reflect.DelegatingMethodAccessorImpl.invoke(DelegatingMethodAccessorImpl.java:43)
at java.lang.reflect.Method.invoke(Method.java:498)
at org.testng.internal.MethodInvocationHelper.invokeMethod(MethodInvocationHelper.java:133)
at org.testng.internal.TestInvoker.invokeMethod(TestInvoker.java:598)
at org.testng.internal.TestInvoker.invokeTestMethod(TestInvoker.java:173)
at org.testng.internal.MethodRunner.runInSequence(MethodRunner.java:46)
at org.testng.internal.TestInvoker$MethodInvocationAgent.invoke(TestInvoker.java:824)
at org.testng.internal.TestInvoker.invokeTestMethods(TestInvoker.java:146)
at org.testng.internal.TestMethodWorker.invokeTestMethods(TestMethodWorker.java:146)
at org.testng.internal.TestMethodWorker.run(TestMethodWorker.java:128)
at java.util.ArrayList.forEach(ArrayList.java:1257)
at org.testng.TestRunner.privateRun(TestRunner.java:794)
at org.testng.TestRunner.run(TestRunner.java:596)
at org.testng.SuiteRunner.runTest(SuiteRunner.java:377)
at org.testng.SuiteRunner.access$000(SuiteRunner.java:28)
at org.testng.SuiteRunner$SuiteWorker.run(SuiteRunner.java:418)
at org.testng.internal.thread.ThreadUtil.lambda$execute$0(ThreadUtil.java:64)
at java.util.concurrent.FutureTask.run(FutureTask.java:266)
at java.util.concurrent.ThreadPoolExecutor.runWorker(ThreadPoolExecutor.java:1149)
at java.util.concurrent.ThreadPoolExecutor$Worker.run(ThreadPoolExecutor.java:624)
at java.lang.Thread.run(Thread.java:748)
]]>
            </full-stacktrace>
          </exception> <!-- java.lang.AssertionError -->
          <reporter-output>
          </reporter-output>
        </test-method> <!-- FlightConfirmPageTest -->
        <test-method status="PASS" signature="quitbrowser()[pri:0, instance:com.flightbook.test.BookFlight@64bf3bbf]" name="quitbrowser" is-config="true" duration-ms="594" started-at="2021-07-28T13:44:10 GMT" finished-at="2021-07-28T13:44:10 GMT">
          <reporter-output>
          </reporter-output>
        </test-method> <!-- quitbrowser -->
        <test-method status="PASS" signature="quitdriver()[pri:0, instance:com.flightbook.test.BookFlight@64bf3bbf]" name="quitdriver" is-config="true" duration-ms="0" started-at="2021-07-28T13:44:10 GMT" depends-on-methods="com.flightbook.test.BookFlight.quitbrowser" finished-at="2021-07-28T13:44:10 GMT">
          <reporter-output>
          </reporter-output>
        </test-method> <!-- quitdriver -->
      </class> <!-- com.flightbook.test.BookFlight -->
    </test> <!-- book-flight-test3 -->
    <test name="book-flight-test1" duration-ms="54139" started-at="2021-07-28T13:43:20 GMT" finished-at="2021-07-28T13:44:14 GMT">
      <class name="com.flightbook.test.BookFlight">
        <test-method status="PASS" signature="setDriver()[pri:0, instance:com.flightbook.test.BookFlight@77cd7a0]" name="setDriver" is-config="true" duration-ms="45042" started-at="2021-07-28T13:43:20 GMT" finished-at="2021-07-28T13:44:05 GMT">
          <reporter-output>
          </reporter-output>
        </test-method> <!-- setDriver -->
        <test-method status="PASS" signature="setupParameters(java.lang.String,java.lang.String)[pri:0, instance:com.flightbook.test.BookFlight@77cd7a0]" name="setupParameters" is-config="true" duration-ms="0" started-at="2021-07-28T13:44:05 GMT" depends-on-methods="com.tests.BaseTest.setDriver" finished-at="2021-07-28T13:44:05 GMT">
          <params>
            <param index="0">
              <value>
                <![CDATA[2]]>
              </value>
            </param>
            <param index="1">
              <value>
                <![CDATA[$1169 USD]]>
              </value>
            </param>
          </params>
          <reporter-output>
          </reporter-output>
        </test-method> <!-- setupParameters -->
        <test-method status="PASS" signature="RegistrationPageTest()[pri:0, instance:com.flightbook.test.BookFlight@77cd7a0]" name="RegistrationPageTest" duration-ms="5254" started-at="2021-07-28T13:44:05 GMT" finished-at="2021-07-28T13:44:10 GMT">
          <reporter-output>
          </reporter-output>
        </test-method> <!-- RegistrationPageTest -->
        <test-method status="PASS" signature="RegistrationConfirmPageTest()[pri:0, instance:com.flightbook.test.BookFlight@77cd7a0]" name="RegistrationConfirmPageTest" duration-ms="313" started-at="2021-07-28T13:44:10 GMT" depends-on-methods="com.flightbook.test.BookFlight.RegistrationPageTest" finished-at="2021-07-28T13:44:11 GMT">
          <reporter-output>
          </reporter-output>
        </test-method> <!-- RegistrationConfirmPageTest -->
        <test-method status="PASS" signature="FlightDetailsPageTest()[pri:0, instance:com.flightbook.test.BookFlight@77cd7a0]" name="FlightDetailsPageTest" duration-ms="1831" started-at="2021-07-28T13:44:11 GMT" depends-on-methods="com.flightbook.test.BookFlight.RegistrationConfirmPageTest" finished-at="2021-07-28T13:44:13 GMT">
          <reporter-output>
          </reporter-output>
        </test-method> <!-- FlightDetailsPageTest -->
        <test-method status="PASS" signature="selectflightPageTest()[pri:0, instance:com.flightbook.test.BookFlight@77cd7a0]" name="selectflightPageTest" duration-ms="608" started-at="2021-07-28T13:44:13 GMT" depends-on-methods="com.flightbook.test.BookFlight.FlightDetailsPageTest" finished-at="2021-07-28T13:44:13 GMT">
          <reporter-output>
          </reporter-output>
        </test-method> <!-- selectflightPageTest -->
        <test-method status="PASS" signature="FlightConfirmPageTest()[pri:0, instance:com.flightbook.test.BookFlight@77cd7a0]" name="FlightConfirmPageTest" duration-ms="369" started-at="2021-07-28T13:44:13 GMT" depends-on-methods="com.flightbook.test.BookFlight.selectflightPageTest" finished-at="2021-07-28T13:44:13 GMT">
          <reporter-output>
          </reporter-output>
        </test-method> <!-- FlightConfirmPageTest -->
        <test-method status="PASS" signature="quitbrowser()[pri:0, instance:com.flightbook.test.BookFlight@77cd7a0]" name="quitbrowser" is-config="true" duration-ms="713" started-at="2021-07-28T13:44:13 GMT" finished-at="2021-07-28T13:44:14 GMT">
          <reporter-output>
          </reporter-output>
        </test-method> <!-- quitbrowser -->
        <test-method status="PASS" signature="quitdriver()[pri:0, instance:com.flightbook.test.BookFlight@77cd7a0]" name="quitdriver" is-config="true" duration-ms="0" started-at="2021-07-28T13:44:14 GMT" depends-on-methods="com.flightbook.test.BookFlight.quitbrowser" finished-at="2021-07-28T13:44:14 GMT">
          <reporter-output>
          </reporter-output>
        </test-method> <!-- quitdriver -->
      </class> <!-- com.flightbook.test.BookFlight -->
    </test> <!-- book-flight-test1 -->
  </suite> <!-- book-flight-suite -->
</testng-results>
