<?xml version="1.0" encoding="UTF-8"?>
<!-- Generated by org.testng.reporters.JUnitReportReporter -->
<testsuite skipped="0" hostname="ce5e6a2bac5e" name="com.searchmodule.tests.searchtests" tests="2" failures="0" timestamp="2021-07-27T15:31:31 GMT" time="6.561" errors="0">
  <testcase name="callsearch" time="3.312" classname="com.searchmodule.tests.searchtests"/>
  <system-out/>
  <testcase name="callsearch" time="3.249" classname="com.searchmodule.tests.searchtests"/>
  <system-out/>
</testsuite> <!-- com.searchmodule.tests.searchtests -->
