<?xml version="1.0" encoding="UTF-8"?>
<!-- Generated by org.testng.reporters.JUnitXMLReporter -->
<testsuite hostname="d924182bdcf3" ignored="0" name="book-flight-test4" tests="5" failures="1" timestamp="2021-07-28T13:44:03 GMT" time="42.606" errors="0">
  <testcase name="RegistrationPageTest" time="12.002" classname="com.flightbook.test.BookFlight"/>
  <testcase name="RegistrationConfirmPageTest" time="0.322" classname="com.flightbook.test.BookFlight"/>
  <testcase name="FlightDetailsPageTest" time="1.239" classname="com.flightbook.test.BookFlight">
    <failure type="org.openqa.selenium.NoSuchElementException" message="Cannot locate option with value: 5
For documentation on this error, please visit: https://www.seleniumhq.org/exceptions/no_such_element.html
Build info: version: &amp;apos;3.141.59&amp;apos;, revision: &amp;apos;e82be7d358&amp;apos;, time: &amp;apos;2018-11-14T08:17:03&amp;apos;
System info: host: &amp;apos;d924182bdcf3&amp;apos;, ip: &amp;apos;172.19.0.8&amp;apos;, os.name: &amp;apos;Linux&amp;apos;, os.arch: &amp;apos;amd64&amp;apos;, os.version: &amp;apos;5.4.72-microsoft-standard-WSL2&amp;apos;, java.version: &amp;apos;1.8.0_191&amp;apos;
Driver info: driver.version: unknown">
      <![CDATA[org.openqa.selenium.NoSuchElementException: Cannot locate option with value: 5
For documentation on this error, please visit: https://www.seleniumhq.org/exceptions/no_such_element.html
Build info: version: '3.141.59', revision: 'e82be7d358', time: '2018-11-14T08:17:03'
System info: host: 'd924182bdcf3', ip: '172.19.0.8', os.name: 'Linux', os.arch: 'amd64', os.version: '5.4.72-microsoft-standard-WSL2', java.version: '1.8.0_191'
Driver info: driver.version: unknown
at org.openqa.selenium.support.ui.Select.findOptionsByValue(Select.java:283)
at org.openqa.selenium.support.ui.Select.selectByValue(Select.java:186)
at com.flighbook.tours.FlightDetailsPage.enterpasscnt(FlightDetailsPage.java:31)
at com.flightbook.test.BookFlight.FlightDetailsPageTest(BookFlight.java:41)
at java.util.ArrayList.forEach(ArrayList.java:1257)
at java.util.concurrent.FutureTask.run(FutureTask.java:266)
at java.util.concurrent.ThreadPoolExecutor.runWorker(ThreadPoolExecutor.java:1149)
at java.util.concurrent.ThreadPoolExecutor$Worker.run(ThreadPoolExecutor.java:624)
at java.lang.Thread.run(Thread.java:748)
... Removed 18 stack frames]]>
    </failure>
  </testcase> <!-- FlightDetailsPageTest -->
  <testcase name="selectflightPageTest" time="0.0" classname="com.flightbook.test.BookFlight">
    <skipped/>
  </testcase> <!-- selectflightPageTest -->
  <testcase name="FlightConfirmPageTest" time="0.0" classname="com.flightbook.test.BookFlight">
    <skipped/>
  </testcase> <!-- FlightConfirmPageTest -->
</testsuite> <!-- book-flight-test4 -->
