<?xml version="1.0" encoding="UTF-8"?>
<!-- Generated by org.testng.reporters.JUnitXMLReporter -->
<testsuite hostname="d924182bdcf3" ignored="0" name="book-flight-test2" tests="5" failures="1" timestamp="2021-07-28T13:43:55 GMT" time="35.328" errors="0">
  <testcase name="RegistrationPageTest" time="9.959" classname="com.flightbook.test.BookFlight"/>
  <testcase name="RegistrationConfirmPageTest" time="0.375" classname="com.flightbook.test.BookFlight"/>
  <testcase name="FlightDetailsPageTest" time="2.17" classname="com.flightbook.test.BookFlight"/>
  <testcase name="selectflightPageTest" time="2.502" classname="com.flightbook.test.BookFlight"/>
  <testcase name="FlightConfirmPageTest" time="0.835" classname="com.flightbook.test.BookFlight">
    <failure type="java.lang.AssertionError" message="expected [$1150 USD] but found [$1753 USD]">
      <![CDATA[java.lang.AssertionError: expected [$1150 USD] but found [$1753 USD]
at com.flightbook.test.BookFlight.FlightConfirmPageTest(BookFlight.java:56)
at java.util.ArrayList.forEach(ArrayList.java:1257)
at java.util.concurrent.FutureTask.run(FutureTask.java:266)
at java.util.concurrent.ThreadPoolExecutor.runWorker(ThreadPoolExecutor.java:1149)
at java.util.concurrent.ThreadPoolExecutor$Worker.run(ThreadPoolExecutor.java:624)
at java.lang.Thread.run(Thread.java:748)
... Removed 24 stack frames]]>
    </failure>
  </testcase> <!-- FlightConfirmPageTest -->
</testsuite> <!-- book-flight-test2 -->
