<?xml version="1.0" encoding="UTF-8"?>
<!-- Generated by org.testng.reporters.JUnitReportReporter -->
<testsuite skipped="0" hostname="dc6768677c24" name="com.searchmodule.tests.searchtests" tests="2" failures="0" timestamp="2021-07-28T13:44:16 GMT" time="14.997" errors="0">
  <testcase name="callsearch" time="3.350" classname="com.searchmodule.tests.searchtests"/>
  <system-out/>
  <testcase name="callsearch" time="11.647" classname="com.searchmodule.tests.searchtests"/>
  <system-out/>
</testsuite> <!-- com.searchmodule.tests.searchtests -->
