<?xml version="1.0" encoding="UTF-8"?>
<testng-results skipped="0" failed="0" ignored="0" total="2" passed="2">
  <reporter-output>
  </reporter-output>
  <suite name="search-suite" duration-ms="57240" started-at="2021-07-28T13:43:19 GMT" finished-at="2021-07-28T13:44:16 GMT">
    <groups>
    </groups>
    <test name="search-test-java" duration-ms="23953" started-at="2021-07-28T13:43:19 GMT" finished-at="2021-07-28T13:43:43 GMT">
      <class name="com.searchmodule.tests.searchtests">
        <test-method status="PASS" signature="setDriver()[pri:0, instance:com.searchmodule.tests.searchtests@5622fdf]" name="setDriver" is-config="true" duration-ms="10861" started-at="2021-07-28T13:43:19 GMT" finished-at="2021-07-28T13:43:30 GMT">
          <reporter-output>
          </reporter-output>
        </test-method> <!-- setDriver -->
        <test-method status="PASS" signature="callsearch(java.lang.String)[pri:0, instance:com.searchmodule.tests.searchtests@5622fdf]" name="callsearch" duration-ms="11647" started-at="2021-07-28T13:43:30 GMT" finished-at="2021-07-28T13:43:42 GMT">
          <params>
            <param index="0">
              <value>
                <![CDATA[java]]>
              </value>
            </param>
          </params>
          <reporter-output>
          </reporter-output>
        </test-method> <!-- callsearch -->
        <test-method status="PASS" signature="quitdriver()[pri:0, instance:com.searchmodule.tests.searchtests@5622fdf]" name="quitdriver" is-config="true" duration-ms="1374" started-at="2021-07-28T13:43:42 GMT" finished-at="2021-07-28T13:43:43 GMT">
          <reporter-output>
          </reporter-output>
        </test-method> <!-- quitdriver -->
      </class> <!-- com.searchmodule.tests.searchtests -->
    </test> <!-- search-test-java -->
    <test name="search-test-qa" duration-ms="33111" started-at="2021-07-28T13:43:43 GMT" finished-at="2021-07-28T13:44:16 GMT">
      <class name="com.searchmodule.tests.searchtests">
        <test-method status="PASS" signature="setDriver()[pri:0, instance:com.searchmodule.tests.searchtests@59494225]" name="setDriver" is-config="true" duration-ms="29059" started-at="2021-07-28T13:43:43 GMT" finished-at="2021-07-28T13:44:12 GMT">
          <reporter-output>
          </reporter-output>
        </test-method> <!-- setDriver -->
        <test-method status="PASS" signature="callsearch(java.lang.String)[pri:0, instance:com.searchmodule.tests.searchtests@59494225]" name="callsearch" duration-ms="3350" started-at="2021-07-28T13:44:12 GMT" finished-at="2021-07-28T13:44:16 GMT">
          <params>
            <param index="0">
              <value>
                <![CDATA[qa]]>
              </value>
            </param>
          </params>
          <reporter-output>
          </reporter-output>
        </test-method> <!-- callsearch -->
        <test-method status="PASS" signature="quitdriver()[pri:0, instance:com.searchmodule.tests.searchtests@59494225]" name="quitdriver" is-config="true" duration-ms="701" started-at="2021-07-28T13:44:16 GMT" finished-at="2021-07-28T13:44:16 GMT">
          <reporter-output>
          </reporter-output>
        </test-method> <!-- quitdriver -->
      </class> <!-- com.searchmodule.tests.searchtests -->
    </test> <!-- search-test-qa -->
  </suite> <!-- search-suite -->
</testng-results>
