<?xml version="1.0" encoding="UTF-8"?>
<testng-results skipped="0" failed="0" ignored="0" total="2" passed="2">
  <reporter-output>
  </reporter-output>
  <suite name="search-suite" duration-ms="32562" started-at="2021-07-28T13:43:19 GMT" finished-at="2021-07-28T13:43:52 GMT">
    <groups>
    </groups>
    <test name="search-test-java" duration-ms="19657" started-at="2021-07-28T13:43:19 GMT" finished-at="2021-07-28T13:43:39 GMT">
      <class name="com.searchmodule.tests.searchtests">
        <test-method status="PASS" signature="setDriver()[pri:0, instance:com.searchmodule.tests.searchtests@5622fdf]" name="setDriver" is-config="true" duration-ms="4865" started-at="2021-07-28T13:43:19 GMT" finished-at="2021-07-28T13:43:24 GMT">
          <reporter-output>
          </reporter-output>
        </test-method> <!-- setDriver -->
        <test-method status="PASS" signature="callsearch(java.lang.String)[pri:0, instance:com.searchmodule.tests.searchtests@5622fdf]" name="callsearch" duration-ms="14547" started-at="2021-07-28T13:43:24 GMT" finished-at="2021-07-28T13:43:39 GMT">
          <params>
            <param index="0">
              <value>
                <![CDATA[java]]>
              </value>
            </param>
          </params>
          <reporter-output>
          </reporter-output>
        </test-method> <!-- callsearch -->
        <test-method status="PASS" signature="quitdriver()[pri:0, instance:com.searchmodule.tests.searchtests@5622fdf]" name="quitdriver" is-config="true" duration-ms="195" started-at="2021-07-28T13:43:39 GMT" finished-at="2021-07-28T13:43:39 GMT">
          <reporter-output>
          </reporter-output>
        </test-method> <!-- quitdriver -->
      </class> <!-- com.searchmodule.tests.searchtests -->
    </test> <!-- search-test-java -->
    <test name="search-test-qa" duration-ms="12793" started-at="2021-07-28T13:43:39 GMT" finished-at="2021-07-28T13:43:52 GMT">
      <class name="com.searchmodule.tests.searchtests">
        <test-method status="PASS" signature="setDriver()[pri:0, instance:com.searchmodule.tests.searchtests@59494225]" name="setDriver" is-config="true" duration-ms="6546" started-at="2021-07-28T13:43:39 GMT" finished-at="2021-07-28T13:43:45 GMT">
          <reporter-output>
          </reporter-output>
        </test-method> <!-- setDriver -->
        <test-method status="PASS" signature="callsearch(java.lang.String)[pri:0, instance:com.searchmodule.tests.searchtests@59494225]" name="callsearch" duration-ms="6032" started-at="2021-07-28T13:43:45 GMT" finished-at="2021-07-28T13:43:52 GMT">
          <params>
            <param index="0">
              <value>
                <![CDATA[qa]]>
              </value>
            </param>
          </params>
          <reporter-output>
          </reporter-output>
        </test-method> <!-- callsearch -->
        <test-method status="PASS" signature="quitdriver()[pri:0, instance:com.searchmodule.tests.searchtests@59494225]" name="quitdriver" is-config="true" duration-ms="212" started-at="2021-07-28T13:43:52 GMT" finished-at="2021-07-28T13:43:52 GMT">
          <reporter-output>
          </reporter-output>
        </test-method> <!-- quitdriver -->
      </class> <!-- com.searchmodule.tests.searchtests -->
    </test> <!-- search-test-qa -->
  </suite> <!-- search-suite -->
</testng-results>
